<?xml version="1.0" encoding="utf-8"?><testsuites name="pytest tests"><testsuite name="pytest" errors="0" failures="0" skipped="0" tests="15" time="3.935" timestamp="2026-06-28T08:35:34.718510+00:00" hostname="agent-env-95294d37-0f67-4ee9-a909-5f123cdc6f6b"><testcase classname="tests.test_revora_api.TestAuth" name="test_login_invalid" time="0.459" /><testcase classname="tests.test_revora_api.TestAuth" name="test_me" time="0.433" /><testcase classname="tests.test_revora_api.TestAuth" name="test_me_unauth" time="0.134" /><testcase classname="tests.test_revora_api.TestAuth" name="test_register_then_login" time="0.782" /><testcase classname="tests.test_revora_api.TestAuth" name="test_google_session_bad" time="0.188" /><testcase classname="tests.test_revora_api.TestAuthorization" name="test_other_user_sees_empty" time="0.524" /><testcase classname="tests.test_revora_api.TestDashboard" name="test_summary_shape_and_values" time="0.042" /><testcase classname="tests.test_revora_api.TestClients" name="test_list_has_seed" time="0.047" /><testcase classname="tests.test_revora_api.TestClients" name="test_crud_client" time="0.200" /><testcase classname="tests.test_revora_api.TestProposals" name="test_list_seed_14" time="0.041" /><testcase classname="tests.test_revora_api.TestProposals" name="test_status_compute" time="0.365" /><testcase classname="tests.test_revora_api.TestProposals" name="test_update_persistence" time="0.247" /><testcase classname="tests.test_revora_api.TestInvoices" name="test_list_seed_10" time="0.042" /><testcase classname="tests.test_revora_api.TestInvoices" name="test_overdue_and_mark_paid" time="0.201" /><testcase classname="tests.test_revora_api.TestInvoices" name="test_unpaid_future" time="0.167" /></testsuite></testsuites>