<?xml version="1.0" encoding="utf-8"?><testsuites name="pytest tests"><testsuite name="pytest" errors="0" failures="0" skipped="0" tests="14" time="16.914" timestamp="2026-06-28T08:01:15.267237+00:00" hostname="agent-env-95294d37-0f67-4ee9-a909-5f123cdc6f6b"><testcase classname="tests.test_revora_api.TestAuth" name="test_login_invalid" time="0.462" /><testcase classname="tests.test_revora_api.TestAIDraft" name="test_draft_whatsapp" time="4.803" /><testcase classname="tests.test_revora_api.TestAuth" name="test_me" time="0.651" /><testcase classname="tests.test_revora_api.TestAuth" name="test_me_unauth" time="0.119" /><testcase classname="tests.test_revora_api.TestDashboard" name="test_summary" time="0.045" /><testcase classname="tests.test_revora_api.TestDashboard" name="test_today_actions" time="0.044" /><testcase classname="tests.test_revora_api.TestClients" name="test_list" time="0.040" /><testcase classname="tests.test_revora_api.TestClients" name="test_create_and_get" time="0.127" /><testcase classname="tests.test_revora_api.TestProposals" name="test_list" time="0.042" /><testcase classname="tests.test_revora_api.TestProposals" name="test_create_and_touch" time="0.252" /><testcase classname="tests.test_revora_api.TestInvoices" name="test_list" time="0.043" /><testcase classname="tests.test_revora_api.TestInvoices" name="test_create_and_mark_paid" time="0.303" /><testcase classname="tests.test_revora_api.TestAIDraft" name="test_draft_email" time="6.027" /><testcase classname="tests.test_revora_api.TestAIDraft" name="test_invoice_reminder" time="5.478" /></testsuite></testsuites>